This file contains any messages produced by compilers while
running configure, to aid debugging if configure makes a mistake.

It was created by libsmf configure 1.3, which was
generated by GNU Autoconf 2.69.  Invocation command line was

  $ ./configure 

## --------- ##
## Platform. ##
## --------- ##

hostname = alex-parabola
uname -m = x86_64
uname -r = 4.20.11-gnu-1
uname -s = Linux
uname -v = #1 SMP PREEMPT Sat Feb 23 02:13:18 UTC 2019

/usr/bin/uname -p = unknown
/bin/uname -X     = unknown

/bin/arch              = unknown
/usr/bin/arch -k       = unknown
/usr/convex/getsysinfo = unknown
/usr/bin/hostinfo      = unknown
/bin/machine           = unknown
/usr/bin/oslevel       = unknown
/bin/universe          = unknown

PATH: /home/alex/bin
PATH: /usr/local/bin
PATH: /home/alex/.gem/ruby/2.6.0/bin
PATH: /usr/local/sbin
PATH: /usr/local/bin
PATH: /usr/bin
PATH: /usr/bin/site_perl
PATH: /usr/bin/vendor_perl
PATH: /usr/bin/core_perl


## ----------- ##
## Core tests. ##
## ----------- ##

configure:2405: checking for a BSD-compatible install
configure:2473: result: /usr/bin/install -c
configure:2484: checking whether build environment is sane
configure:2539: result: yes
configure:2688: checking for a thread-safe mkdir -p
configure:2727: result: /usr/bin/mkdir -p
configure:2734: checking for gawk
configure:2750: found /usr/bin/gawk
configure:2761: result: gawk
configure:2772: checking whether make sets $(MAKE)
configure:2794: result: yes
configure:2823: checking whether make supports nested variables
configure:2840: result: yes
configure:3019: checking for gcc
configure:3035: found /usr/bin/gcc
configure:3046: result: gcc
configure:3275: checking for C compiler version
configure:3284: gcc --version >&5
gcc (GCC) 8.2.1 20181127
Copyright (C) 2018 Free Software Foundation, Inc.
This is free software; see the source for copying conditions.  There is NO
warranty; not even for MERCHANTABILITY or FITNESS FOR A PARTICULAR PURPOSE.

configure:3295: $? = 0
configure:3284: gcc -v >&5
Using built-in specs.
COLLECT_GCC=gcc
COLLECT_LTO_WRAPPER=/usr/lib/gcc/x86_64-pc-linux-gnu/8.2.1/lto-wrapper
Target: x86_64-pc-linux-gnu
Configured with: /build/gcc/src/gcc/configure --prefix=/usr --libdir=/usr/lib --libexecdir=/usr/lib --mandir=/usr/share/man --infodir=/usr/share/info --with-bugurl=https://bugs.archlinux.org/ --enable-languages=c,c++,ada,fortran,go,lto,objc,obj-c++ --enable-shared --enable-threads=posix --enable-libmpx --with-system-zlib --with-isl --enable-__cxa_atexit --disable-libunwind-exceptions --enable-clocale=gnu --disable-libstdcxx-pch --disable-libssp --enable-gnu-unique-object --enable-linker-build-id --enable-lto --enable-plugin --enable-install-libiberty --with-linker-hash-style=gnu --enable-gnu-indirect-function --enable-multilib --disable-werror --enable-checking=release --enable-default-pie --enable-default-ssp --enable-cet=auto
Thread model: posix
gcc version 8.2.1 20181127 (GCC) 
configure:3295: $? = 0
configure:3284: gcc -V >&5
gcc: error: unrecognized command line option '-V'
gcc: fatal error: no input files
compilation terminated.
configure:3295: $? = 1
configure:3284: gcc -qversion >&5
gcc: error: unrecognized command line option '-qversion'; did you mean '--version'?
gcc: fatal error: no input files
compilation terminated.
configure:3295: $? = 1
configure:3315: checking whether the C compiler works
configure:3337: gcc    conftest.c  >&5
configure:3341: $? = 0
configure:3389: result: yes
configure:3392: checking for C compiler default output file name
configure:3394: result: a.out
configure:3400: checking for suffix of executables
configure:3407: gcc -o conftest    conftest.c  >&5
configure:3411: $? = 0
configure:3433: result: 
configure:3455: checking whether we are cross compiling
configure:3463: gcc -o conftest    conftest.c  >&5
configure:3467: $? = 0
configure:3474: ./conftest
configure:3478: $? = 0
configure:3466: result: no
configure:3471: checking for suffix of object files
configure:3493: gcc -c   conftest.c >&5
configure:3497: $? = 0
configure:3518: result: o
configure:3522: checking whether we are using the GNU C compiler
configure:3541: gcc -c   conftest.c >&5
configure:3541: $? = 0
configure:3550: result: yes
configure:3559: checking whether gcc accepts -g
configure:3579: gcc -c -g  conftest.c >&5
configure:3579: $? = 0
configure:3620: result: yes
configure:3637: checking for gcc option to accept ISO C89
configure:3700: gcc  -c -g -O2  conftest.c >&5
configure:3700: $? = 0
configure:3713: result: none needed
configure:3738: checking whether gcc understands -c and -o together
configure:3760: gcc -c conftest.c -o conftest2.o
configure:3763: $? = 0
configure:3760: gcc -c conftest.c -o conftest2.o
configure:3763: $? = 0
configure:3775: result: yes
configure:3795: checking whether make supports the include directive
configure:3810: make -f confmf.GNU && cat confinc.out
make[1]: Entering directory '/home/alex/Documents/git/zrythm/ext/libsmf'
make[1]: Leaving directory '/home/alex/Documents/git/zrythm/ext/libsmf'
this is the am__doit target
configure:3813: $? = 0
configure:3832: result: yes (GNU style)
configure:3857: checking dependency style of gcc
configure:3968: result: gcc3
configure:4013: checking build system type
configure:4027: result: x86_64-pc-linux-gnu
configure:4047: checking host system type
configure:4060: result: x86_64-pc-linux-gnu
configure:4101: checking how to print strings
configure:4128: result: printf
configure:4149: checking for a sed that does not truncate output
configure:4213: result: /usr/bin/sed
configure:4231: checking for grep that handles long lines and -e
configure:4289: result: /usr/bin/grep
configure:4294: checking for egrep
configure:4356: result: /usr/bin/grep -E
configure:4361: checking for fgrep
configure:4423: result: /usr/bin/grep -F
configure:4458: checking for ld used by gcc
configure:4525: result: /usr/bin/ld
configure:4532: checking if the linker (/usr/bin/ld) is GNU ld
configure:4547: result: yes
configure:4559: checking for BSD- or MS-compatible name lister (nm)
configure:4613: result: /usr/bin/nm -B
configure:4743: checking the name lister (/usr/bin/nm -B) interface
configure:4750: gcc -c -g -O2  conftest.c >&5
configure:4753: /usr/bin/nm -B "conftest.o"
configure:4756: output
0000000000000000 B some_variable
configure:4757: result: BSD nm
configure:4760: checking whether ln -s works
configure:4764: result: yes
configure:4772: checking the maximum length of command line arguments
configure:4903: result: 1572864
configure:4951: checking how to convert x86_64-pc-linux-gnu file names to x86_64-pc-linux-gnu format
configure:4991: result: func_convert_file_noop
configure:4998: checking how to convert x86_64-pc-linux-gnu file names to toolchain format
configure:5018: result: func_convert_file_noop
configure:5025: checking for /usr/bin/ld option to reload object files
configure:5032: result: -r
configure:5106: checking for objdump
configure:5122: found /usr/bin/objdump
configure:5133: result: objdump
configure:5165: checking how to recognize dependent libraries
configure:5365: result: pass_all
configure:5450: checking for dlltool
configure:5480: result: no
configure:5510: checking how to associate runtime and link libraries
configure:5537: result: printf %s\n
configure:5598: checking for ar
configure:5614: found /usr/bin/ar
configure:5625: result: ar
configure:5678: checking for archiver @FILE support
configure:5695: gcc -c -g -O2  conftest.c >&5
configure:5695: $? = 0
configure:5698: ar cr libconftest.a @conftest.lst >&5
configure:5701: $? = 0
configure:5706: ar cr libconftest.a @conftest.lst >&5
ar: conftest.o: No such file or directory
configure:5709: $? = 1
configure:5708: result: @
configure:5766: checking for strip
configure:5782: found /usr/bin/strip
configure:5793: result: strip
configure:5865: checking for ranlib
configure:5881: found /usr/bin/ranlib
configure:5892: result: ranlib
configure:5994: checking command to parse /usr/bin/nm -B output from gcc object
configure:6147: gcc -c -g -O2  conftest.c >&5
configure:6150: $? = 0
configure:6154: /usr/bin/nm -B conftest.o \| sed -n -e 's/^.*[ ]\([ABCDGIRSTW][ABCDGIRSTW]*\)[ ][ ]*\([_A-Za-z][_A-Za-z0-9]*\)$/\1 \2 \2/p' | sed '/ __gnu_lto/d' \> conftest.nm
configure:6157: $? = 0
configure:6223: gcc -o conftest -g -O2   conftest.c conftstm.o >&5
configure:6226: $? = 0
configure:6264: result: ok
configure:6311: checking for sysroot
configure:6341: result: no
configure:6348: checking for a working dd
configure:6386: result: /usr/bin/dd
configure:6390: checking how to truncate binary pipes
configure:6405: result: /usr/bin/dd bs=4096 count=1
configure:6541: gcc -c -g -O2  conftest.c >&5
configure:6544: $? = 0
configure:6734: checking for mt
configure:6764: result: no
configure:6784: checking if : is a manifest tool
configure:6790: : '-?'
configure:6798: result: no
configure:7475: checking how to run the C preprocessor
configure:7506: gcc -E  conftest.c
configure:7506: $? = 0
configure:7520: gcc -E  conftest.c
conftest.c:11:10: fatal error: ac_nonexistent.h: No such file or directory
 #include <ac_nonexistent.h>
          ^~~~~~~~~~~~~~~~~~
compilation terminated.
configure:7520: $? = 1
configure: failed program was:
| /* confdefs.h */
| #define PACKAGE_NAME "libsmf"
| #define PACKAGE_TARNAME "libsmf"
| #define PACKAGE_VERSION "1.3"
| #define PACKAGE_STRING "libsmf 1.3"
| #define PACKAGE_BUGREPORT "trasz@FreeBSD.org"
| #define PACKAGE_URL ""
| #define PACKAGE "libsmf"
| #define VERSION "1.3"
| /* end confdefs.h.  */
| #include <ac_nonexistent.h>
configure:7545: result: gcc -E
configure:7565: gcc -E  conftest.c
configure:7565: $? = 0
configure:7579: gcc -E  conftest.c
conftest.c:11:10: fatal error: ac_nonexistent.h: No such file or directory
 #include <ac_nonexistent.h>
          ^~~~~~~~~~~~~~~~~~
compilation terminated.
configure:7579: $? = 1
configure: failed program was:
| /* confdefs.h */
| #define PACKAGE_NAME "libsmf"
| #define PACKAGE_TARNAME "libsmf"
| #define PACKAGE_VERSION "1.3"
| #define PACKAGE_STRING "libsmf 1.3"
| #define PACKAGE_BUGREPORT "trasz@FreeBSD.org"
| #define PACKAGE_URL ""
| #define PACKAGE "libsmf"
| #define VERSION "1.3"
| /* end confdefs.h.  */
| #include <ac_nonexistent.h>
configure:7608: checking for ANSI C header files
configure:7628: gcc -c -g -O2  conftest.c >&5
configure:7628: $? = 0
configure:7701: gcc -o conftest -g -O2   conftest.c  >&5
configure:7701: $? = 0
configure:7701: ./conftest
configure:7701: $? = 0
configure:7712: result: yes
configure:7725: checking for sys/types.h
configure:7725: gcc -c -g -O2  conftest.c >&5
configure:7725: $? = 0
configure:7725: result: yes
configure:7725: checking for sys/stat.h
configure:7725: gcc -c -g -O2  conftest.c >&5
configure:7725: $? = 0
configure:7725: result: yes
configure:7725: checking for stdlib.h
configure:7725: gcc -c -g -O2  conftest.c >&5
configure:7725: $? = 0
configure:7725: result: yes
configure:7725: checking for string.h
configure:7725: gcc -c -g -O2  conftest.c >&5
configure:7725: $? = 0
configure:7725: result: yes
configure:7725: checking for memory.h
configure:7725: gcc -c -g -O2  conftest.c >&5
configure:7725: $? = 0
configure:7725: result: yes
configure:7725: checking for strings.h
configure:7725: gcc -c -g -O2  conftest.c >&5
configure:7725: $? = 0
configure:7725: result: yes
configure:7725: checking for inttypes.h
configure:7725: gcc -c -g -O2  conftest.c >&5
configure:7725: $? = 0
configure:7725: result: yes
configure:7725: checking for stdint.h
configure:7725: gcc -c -g -O2  conftest.c >&5
configure:7725: $? = 0
configure:7725: result: yes
configure:7725: checking for unistd.h
configure:7725: gcc -c -g -O2  conftest.c >&5
configure:7725: $? = 0
configure:7725: result: yes
configure:7739: checking for dlfcn.h
configure:7739: gcc -c -g -O2  conftest.c >&5
configure:7739: $? = 0
configure:7739: result: yes
configure:7995: checking for objdir
configure:8010: result: .libs
configure:8270: checking if gcc supports -fno-rtti -fno-exceptions
configure:8288: gcc -c -g -O2  -fno-rtti -fno-exceptions conftest.c >&5
cc1: warning: command line option '-fno-rtti' is valid for C++/ObjC++ but not for C
configure:8292: $? = 0
configure:8305: result: no
configure:8663: checking for gcc option to produce PIC
configure:8670: result: -fPIC -DPIC
configure:8678: checking if gcc PIC flag -fPIC -DPIC works
configure:8696: gcc -c -g -O2  -fPIC -DPIC -DPIC conftest.c >&5
configure:8700: $? = 0
configure:8713: result: yes
configure:8742: checking if gcc static flag -static works
configure:8770: result: yes
configure:8785: checking if gcc supports -c -o file.o
configure:8806: gcc -c -g -O2  -o out/conftest2.o conftest.c >&5
configure:8810: $? = 0
configure:8832: result: yes
configure:8840: checking if gcc supports -c -o file.o
configure:8887: result: yes
configure:8920: checking whether the gcc linker (/usr/bin/ld -m elf_x86_64) supports shared libraries
configure:10181: result: yes
configure:10218: checking whether -lc should be explicitly linked in
configure:10226: gcc -c -g -O2  conftest.c >&5
configure:10229: $? = 0
configure:10244: gcc -shared  -fPIC -DPIC conftest.o  -v -Wl,-soname -Wl,conftest -o conftest 2\>\&1 \| /usr/bin/grep  -lc  \>/dev/null 2\>\&1
configure:10247: $? = 0
configure:10261: result: no
configure:10421: checking dynamic linker characteristics
configure:11002: gcc -o conftest -g -O2   -Wl,-rpath -Wl,/foo conftest.c  >&5
configure:11002: $? = 0
configure:11239: result: GNU/Linux ld.so
configure:11361: checking how to hardcode library paths into programs
configure:11386: result: immediate
configure:11934: checking whether stripping libraries is possible
configure:11943: result: yes
configure:11985: checking if libtool supports shared libraries
configure:11987: result: yes
configure:11990: checking whether to build shared libraries
configure:12015: result: yes
configure:12018: checking whether to build static libraries
configure:12022: result: yes
configure:8838: checking whether ln -s works
configure:8842: result: yes
configure:8849: checking whether make sets $(MAKE)
configure:8871: result: yes
configure:8923: checking for ranlib
configure:8950: result: ranlib
configure:8974: checking for pow in -lm
configure:8999: gcc -o conftest -g -O2   conftest.c -lm   >&5
conftest.c:30:6: warning: conflicting types for built-in function 'pow' [-Wbuiltin-declaration-mismatch]
 char pow ();
      ^~~
configure:8999: $? = 0
configure:9008: result: yes
configure:9029: checking for main in -lreadline
configure:9048: gcc -o conftest -g -O2   conftest.c -lreadline -lncurses -lm  >&5
configure:9048: $? = 0
configure:9057: result: yes
configure:9079: checking for ANSI C header files
configure:9183: result: yes
configure:9194: checking arpa/inet.h usability
configure:9194: gcc -c -g -O2  conftest.c >&5
configure:9194: $? = 0
configure:9194: result: yes
configure:9194: checking arpa/inet.h presence
configure:9194: gcc -E  conftest.c
configure:9194: $? = 0
configure:9194: result: yes
configure:9194: checking for arpa/inet.h
configure:9194: result: yes
configure:9194: checking for stdint.h
configure:9194: result: yes
configure:9194: checking for stdlib.h
configure:9194: result: yes
configure:9194: checking for string.h
configure:9194: result: yes
configure:9206: checking for an ANSI C-conforming const
configure:9272: gcc -c -g -O2  conftest.c >&5
configure:9272: $? = 0
configure:9279: result: yes
configure:9287: checking for int8_t
configure:9287: gcc -c -g -O2  conftest.c >&5
configure:9287: $? = 0
configure:9287: gcc -c -g -O2  conftest.c >&5
conftest.c: In function 'main':
conftest.c:67:12: error: size of array 'test_array' is negative
 static int test_array [1 - 2 * !((int8_t) (((((int8_t) 1 << N) << N) - 1) * 2 + 1)
            ^~~~~~~~~~
configure:9287: $? = 1
configure: failed program was:
| /* confdefs.h */
| #define PACKAGE_NAME "libsmf"
| #define PACKAGE_TARNAME "libsmf"
| #define PACKAGE_VERSION "1.3"
| #define PACKAGE_STRING "libsmf 1.3"
| #define PACKAGE_BUGREPORT "trasz@FreeBSD.org"
| #define PACKAGE_URL ""
| #define PACKAGE "libsmf"
| #define VERSION "1.3"
| #define STDC_HEADERS 1
| #define HAVE_SYS_TYPES_H 1
| #define HAVE_SYS_STAT_H 1
| #define HAVE_STDLIB_H 1
| #define HAVE_STRING_H 1
| #define HAVE_MEMORY_H 1
| #define HAVE_STRINGS_H 1
| #define HAVE_INTTYPES_H 1
| #define HAVE_STDINT_H 1
| #define HAVE_UNISTD_H 1
| #define HAVE_DLFCN_H 1
| #define LT_OBJDIR ".libs/"
| #define HAVE_LIBM 1
| #define HAVE_LIBREADLINE 1
| #define STDC_HEADERS 1
| #define HAVE_ARPA_INET_H 1
| #define HAVE_STDINT_H 1
| #define HAVE_STDLIB_H 1
| #define HAVE_STRING_H 1
| /* end confdefs.h.  */
| #include <stdio.h>
| #ifdef HAVE_SYS_TYPES_H
| # include <sys/types.h>
| #endif
| #ifdef HAVE_SYS_STAT_H
| # include <sys/stat.h>
| #endif
| #ifdef STDC_HEADERS
| # include <stdlib.h>
| # include <stddef.h>
| #else
| # ifdef HAVE_STDLIB_H
| #  include <stdlib.h>
| # endif
| #endif
| #ifdef HAVE_STRING_H
| # if !defined STDC_HEADERS && defined HAVE_MEMORY_H
| #  include <memory.h>
| # endif
| # include <string.h>
| #endif
| #ifdef HAVE_STRINGS_H
| # include <strings.h>
| #endif
| #ifdef HAVE_INTTYPES_H
| # include <inttypes.h>
| #endif
| #ifdef HAVE_STDINT_H
| # include <stdint.h>
| #endif
| #ifdef HAVE_UNISTD_H
| # include <unistd.h>
| #endif
| 	        enum { N = 8 / 2 - 1 };
| int
| main ()
| {
| static int test_array [1 - 2 * !((int8_t) (((((int8_t) 1 << N) << N) - 1) * 2 + 1)
| 		 < (int8_t) (((((int8_t) 1 << N) << N) - 1) * 2 + 2))];
| test_array [0] = 0;
| return test_array [0];
| 
|   ;
|   return 0;
| }
configure:9287: result: yes
configure:9298: checking for uint16_t
configure:9298: gcc -c -g -O2  conftest.c >&5
configure:9298: $? = 0
configure:9298: result: yes
configure:9310: checking for uint32_t
configure:9310: gcc -c -g -O2  conftest.c >&5
configure:9310: $? = 0
configure:9310: result: yes
configure:9328: checking for stdlib.h
configure:9328: result: yes
configure:9338: checking for GNU libc compatible malloc
configure:9362: gcc -o conftest -g -O2   conftest.c -lm  >&5
configure:9362: $? = 0
configure:9362: ./conftest
configure:9362: $? = 0
configure:9372: result: yes
configure:9393: checking for working memcmp
configure:9436: gcc -o conftest -g -O2   conftest.c -lm  >&5
configure:9436: $? = 0
configure:9436: ./conftest
configure:9436: $? = 0
configure:9446: result: yes
configure:9457: checking for stdlib.h
configure:9457: result: yes
configure:9467: checking for GNU libc compatible realloc
configure:9491: gcc -o conftest -g -O2   conftest.c -lm  >&5
configure:9491: $? = 0
configure:9491: ./conftest
configure:9491: $? = 0
configure:9501: result: yes
configure:9522: checking for working strtod
configure:9563: gcc -o conftest -g -O2   conftest.c -lm  >&5
configure:9563: $? = 0
configure:9563: ./conftest
configure:9563: $? = 0
configure:9573: result: yes
configure:9638: checking for memset
configure:9638: gcc -o conftest -g -O2   conftest.c -lm  >&5
conftest.c:57:6: warning: conflicting types for built-in function 'memset' [-Wbuiltin-declaration-mismatch]
 char memset ();
      ^~~~~~
configure:9638: $? = 0
configure:9638: result: yes
configure:9638: checking for pow
configure:9638: gcc -o conftest -g -O2   conftest.c -lm  >&5
conftest.c:58:6: warning: conflicting types for built-in function 'pow' [-Wbuiltin-declaration-mismatch]
 char pow ();
      ^~~
configure:9638: $? = 0
configure:9638: result: yes
configure:9638: checking for strdup
configure:9638: gcc -o conftest -g -O2   conftest.c -lm  >&5
conftest.c:59:6: warning: conflicting types for built-in function 'strdup' [-Wbuiltin-declaration-mismatch]
 char strdup ();
      ^~~~~~
configure:9638: $? = 0
configure:9638: result: yes
configure:9638: checking for strerror
configure:9638: gcc -o conftest -g -O2   conftest.c -lm  >&5
configure:9638: $? = 0
configure:9638: result: yes
configure:9638: checking for strtol
configure:9638: gcc -o conftest -g -O2   conftest.c -lm  >&5
configure:9638: $? = 0
configure:9638: result: yes
configure:9638: checking for strchr
configure:9638: gcc -o conftest -g -O2   conftest.c -lm  >&5
conftest.c:62:6: warning: conflicting types for built-in function 'strchr' [-Wbuiltin-declaration-mismatch]
 char strchr ();
      ^~~~~~
configure:9638: $? = 0
configure:9638: result: yes
configure:9702: checking for pkg-config
configure:9720: found /usr/bin/pkg-config
configure:9732: result: /usr/bin/pkg-config
configure:9757: checking pkg-config is at least version 0.9.0
configure:9760: result: yes
configure:9770: checking for GLIB
configure:9777: $PKG_CONFIG --exists --print-errors "glib-2.0 >= 2.2"
configure:9780: $? = 0
configure:9794: $PKG_CONFIG --exists --print-errors "glib-2.0 >= 2.2"
configure:9797: $? = 0
configure:9855: result: yes
configure:9965: checking that generated files are newer than configure
configure:9971: result: done
configure:9994: creating ./config.status

## ---------------------- ##
## Running config.status. ##
## ---------------------- ##

This file was extended by libsmf config.status 1.3, which was
generated by GNU Autoconf 2.69.  Invocation command line was

  CONFIG_FILES    = 
  CONFIG_HEADERS  = 
  CONFIG_LINKS    = 
  CONFIG_COMMANDS = 
  $ ./config.status 

on alex-parabola

config.status:1107: creating Makefile
config.status:1107: creating smf.pc
config.status:1107: creating src/Makefile
config.status:1107: creating man/Makefile
config.status:1107: creating config.h
config.status:1288: config.h is unchanged
config.status:1336: executing depfiles commands
config.status:1413: cd src       && sed -e '/# am--include-marker/d' Makefile         | make -f - am--depfiles
make[1]: Entering directory '/home/alex/Documents/git/zrythm/ext/libsmf/src'
make[1]: Nothing to be done for 'am--depfiles'.
make[1]: Leaving directory '/home/alex/Documents/git/zrythm/ext/libsmf/src'
config.status:1418: $? = 0
config.status:1336: executing libtool commands

## ---------------- ##
## Cache variables. ##
## ---------------- ##

ac_cv_build=x86_64-pc-linux-gnu
ac_cv_c_compiler_gnu=yes
ac_cv_c_const=yes
ac_cv_c_int8_t=yes
ac_cv_c_uint16_t=yes
ac_cv_c_uint32_t=yes
ac_cv_env_CC_set=
ac_cv_env_CC_value=
ac_cv_env_CFLAGS_set=
ac_cv_env_CFLAGS_value=
ac_cv_env_CPPFLAGS_set=
ac_cv_env_CPPFLAGS_value=
ac_cv_env_CPP_set=
ac_cv_env_CPP_value=
ac_cv_env_GLIB_CFLAGS_set=
ac_cv_env_GLIB_CFLAGS_value=
ac_cv_env_GLIB_LIBS_set=
ac_cv_env_GLIB_LIBS_value=
ac_cv_env_LDFLAGS_set=
ac_cv_env_LDFLAGS_value=
ac_cv_env_LIBS_set=
ac_cv_env_LIBS_value=
ac_cv_env_LT_SYS_LIBRARY_PATH_set=
ac_cv_env_LT_SYS_LIBRARY_PATH_value=
ac_cv_env_PKG_CONFIG_LIBDIR_set=
ac_cv_env_PKG_CONFIG_LIBDIR_value=
ac_cv_env_PKG_CONFIG_PATH_set=
ac_cv_env_PKG_CONFIG_PATH_value=
ac_cv_env_PKG_CONFIG_set=
ac_cv_env_PKG_CONFIG_value=
ac_cv_env_build_alias_set=
ac_cv_env_build_alias_value=
ac_cv_env_host_alias_set=
ac_cv_env_host_alias_value=
ac_cv_env_target_alias_set=
ac_cv_env_target_alias_value=
ac_cv_func_malloc_0_nonnull=yes
ac_cv_func_memcmp_working=yes
ac_cv_func_memset=yes
ac_cv_func_pow=yes
ac_cv_func_realloc_0_nonnull=yes
ac_cv_func_strchr=yes
ac_cv_func_strdup=yes
ac_cv_func_strerror=yes
ac_cv_func_strtod=yes
ac_cv_func_strtol=yes
ac_cv_header_arpa_inet_h=yes
ac_cv_header_dlfcn_h=yes
ac_cv_header_inttypes_h=yes
ac_cv_header_memory_h=yes
ac_cv_header_stdc=yes
ac_cv_header_stdint_h=yes
ac_cv_header_stdlib_h=yes
ac_cv_header_string_h=yes
ac_cv_header_strings_h=yes
ac_cv_header_sys_stat_h=yes
ac_cv_header_sys_types_h=yes
ac_cv_header_unistd_h=yes
ac_cv_host=x86_64-pc-linux-gnu
ac_cv_lib_m_pow=yes
ac_cv_lib_readline_main=yes
ac_cv_objext=o
ac_cv_path_EGREP='/usr/bin/grep -E'
ac_cv_path_FGREP='/usr/bin/grep -F'
ac_cv_path_GREP=/usr/bin/grep
ac_cv_path_SED=/usr/bin/sed
ac_cv_path_ac_pt_PKG_CONFIG=/usr/bin/pkg-config
ac_cv_path_install='/usr/bin/install -c'
ac_cv_path_lt_DD=/usr/bin/dd
ac_cv_path_mkdir=/usr/bin/mkdir
ac_cv_prog_AWK=gawk
ac_cv_prog_CPP='gcc -E'
ac_cv_prog_ac_ct_AR=ar
ac_cv_prog_ac_ct_CC=gcc
ac_cv_prog_ac_ct_OBJDUMP=objdump
ac_cv_prog_ac_ct_RANLIB=ranlib
ac_cv_prog_ac_ct_STRIP=strip
ac_cv_prog_cc_c89=
ac_cv_prog_cc_g=yes
ac_cv_prog_make_make_set=yes
am_cv_CC_dependencies_compiler_type=gcc3
am_cv_make_support_nested_variables=yes
am_cv_prog_cc_c_o=yes
lt_cv_ar_at_file=@
lt_cv_archive_cmds_need_lc=no
lt_cv_deplibs_check_method=pass_all
lt_cv_file_magic_cmd='$MAGIC_CMD'
lt_cv_file_magic_test_file=
lt_cv_ld_reload_flag=-r
lt_cv_nm_interface='BSD nm'
lt_cv_objdir=.libs
lt_cv_path_LD=/usr/bin/ld
lt_cv_path_NM='/usr/bin/nm -B'
lt_cv_path_mainfest_tool=no
lt_cv_prog_compiler_c_o=yes
lt_cv_prog_compiler_pic='-fPIC -DPIC'
lt_cv_prog_compiler_pic_works=yes
lt_cv_prog_compiler_rtti_exceptions=no
lt_cv_prog_compiler_static_works=yes
lt_cv_prog_gnu_ld=yes
lt_cv_sharedlib_from_linklib_cmd='printf %s\n'
lt_cv_shlibpath_overrides_runpath=no
lt_cv_sys_global_symbol_pipe='sed -n -e '\''s/^.*[	 ]\([ABCDGIRSTW][ABCDGIRSTW]*\)[	 ][	 ]*\([_A-Za-z][_A-Za-z0-9]*\)$/\1 \2 \2/p'\'' | sed '\''/ __gnu_lto/d'\'''
lt_cv_sys_global_symbol_to_c_name_address='sed -n -e '\''s/^: \(.*\) .*$/  {"\1", (void *) 0},/p'\'' -e '\''s/^[ABCDGIRSTW][ABCDGIRSTW]* .* \(.*\)$/  {"\1", (void *) \&\1},/p'\'''
lt_cv_sys_global_symbol_to_c_name_address_lib_prefix='sed -n -e '\''s/^: \(.*\) .*$/  {"\1", (void *) 0},/p'\'' -e '\''s/^[ABCDGIRSTW][ABCDGIRSTW]* .* \(lib.*\)$/  {"\1", (void *) \&\1},/p'\'' -e '\''s/^[ABCDGIRSTW][ABCDGIRSTW]* .* \(.*\)$/  {"lib\1", (void *) \&\1},/p'\'''
lt_cv_sys_global_symbol_to_cdecl='sed -n -e '\''s/^T .* \(.*\)$/extern int \1();/p'\'' -e '\''s/^[ABCDGIRSTW][ABCDGIRSTW]* .* \(.*\)$/extern char \1;/p'\'''
lt_cv_sys_global_symbol_to_import=
lt_cv_sys_max_cmd_len=1572864
lt_cv_to_host_file_cmd=func_convert_file_noop
lt_cv_to_tool_file_cmd=func_convert_file_noop
lt_cv_truncate_bin='/usr/bin/dd bs=4096 count=1'
pkg_cv_GLIB_CFLAGS='-I/usr/include/glib-2.0 -I/usr/lib/glib-2.0/include '
pkg_cv_GLIB_LIBS='-lglib-2.0 '

## ----------------- ##
## Output variables. ##
## ----------------- ##

ACLOCAL='${SHELL} /home/alex/Documents/git/zrythm/missing aclocal-1.16'
AMDEPBACKSLASH='\'
AMDEP_FALSE='#'
AMDEP_TRUE=''
AMTAR='$${TAR-tar}'
AM_BACKSLASH='\'
AM_DEFAULT_V='$(AM_DEFAULT_VERBOSITY)'
AM_DEFAULT_VERBOSITY='1'
AM_V='$(V)'
AR='ar'
AUTOCONF='${SHELL} /home/alex/Documents/git/zrythm/missing autoconf'
AUTOHEADER='${SHELL} /home/alex/Documents/git/zrythm/missing autoheader'
AUTOMAKE='${SHELL} /home/alex/Documents/git/zrythm/missing automake-1.16'
AWK='gawk'
CC='gcc'
CCDEPMODE='depmode=gcc3'
CFLAGS='-g -O2'
CPP='gcc -E'
CPPFLAGS=''
CYGPATH_W='echo'
DEFS='-DHAVE_CONFIG_H'
DEPDIR='.deps'
DLLTOOL='false'
DSYMUTIL=''
DUMPBIN=''
ECHO_C=''
ECHO_N='-n'
ECHO_T=''
EGREP='/usr/bin/grep -E'
EXEEXT=''
FGREP='/usr/bin/grep -F'
GLIB_CFLAGS='-I/usr/include/glib-2.0 -I/usr/lib/glib-2.0/include '
GLIB_LIBS='-lglib-2.0 '
GREP='/usr/bin/grep'
INSTALL_DATA='${INSTALL} -m 644'
INSTALL_PROGRAM='${INSTALL}'
INSTALL_SCRIPT='${INSTALL}'
INSTALL_STRIP_PROGRAM='$(install_sh) -c -s'
LD='/usr/bin/ld -m elf_x86_64'
LDFLAGS=''
LIBOBJS=''
LIBS='-lm '
LIBTOOL='$(SHELL) $(top_builddir)/libtool'
LIPO=''
LN_S='ln -s'
LTLIBOBJS=''
LT_SYS_LIBRARY_PATH=''
MAKEINFO='${SHELL} /home/alex/Documents/git/zrythm/missing makeinfo'
MANIFEST_TOOL=':'
MKDIR_P='/usr/bin/mkdir -p'
NM='/usr/bin/nm -B'
NMEDIT=''
OBJDUMP='objdump'
OBJEXT='o'
OTOOL64=''
OTOOL=''
PACKAGE='libsmf'
PACKAGE_BUGREPORT='trasz@FreeBSD.org'
PACKAGE_NAME='libsmf'
PACKAGE_STRING='libsmf 1.3'
PACKAGE_TARNAME='libsmf'
PACKAGE_URL=''
PACKAGE_VERSION='1.3'
PATH_SEPARATOR=':'
PKG_CONFIG='/usr/bin/pkg-config'
PKG_CONFIG_LIBDIR=''
PKG_CONFIG_PATH=''
POW_LIB=''
RANLIB='ranlib'
READLINE_LIBS='-lreadline -lncurses'
SED='/usr/bin/sed'
SET_MAKE=''
SHELL='/bin/sh'
STRIP='strip'
VERSION='1.3'
ac_ct_AR='ar'
ac_ct_CC='gcc'
ac_ct_DUMPBIN=''
am__EXEEXT_FALSE=''
am__EXEEXT_TRUE='#'
am__fastdepCC_FALSE='#'
am__fastdepCC_TRUE=''
am__include='include'
am__isrc=''
am__leading_dot='.'
am__nodep='_no'
am__quote=''
am__tar='$${TAR-tar} chof - "$$tardir"'
am__untar='$${TAR-tar} xf -'
bindir='${exec_prefix}/bin'
build='x86_64-pc-linux-gnu'
build_alias=''
build_cpu='x86_64'
build_os='linux-gnu'
build_vendor='pc'
datadir='${datarootdir}'
datarootdir='${prefix}/share'
docdir='${datarootdir}/doc/${PACKAGE_TARNAME}'
dvidir='${docdir}'
exec_prefix='${prefix}'
host='x86_64-pc-linux-gnu'
host_alias=''
host_cpu='x86_64'
host_os='linux-gnu'
host_vendor='pc'
htmldir='${docdir}'
includedir='${prefix}/include'
infodir='${datarootdir}/info'
install_sh='${SHELL} /home/alex/Documents/git/zrythm/install-sh'
libdir='${exec_prefix}/lib'
libexecdir='${exec_prefix}/libexec'
localedir='${datarootdir}/locale'
localstatedir='${prefix}/var'
mandir='${datarootdir}/man'
mkdir_p='$(MKDIR_P)'
oldincludedir='/usr/include'
pdfdir='${docdir}'
prefix='/usr/local'
program_transform_name='s,x,x,'
psdir='${docdir}'
sbindir='${exec_prefix}/sbin'
sharedstatedir='${prefix}/com'
sysconfdir='${prefix}/etc'
target_alias=''

## ----------- ##
## confdefs.h. ##
## ----------- ##

/* confdefs.h */
#define PACKAGE_NAME "libsmf"
#define PACKAGE_TARNAME "libsmf"
#define PACKAGE_VERSION "1.3"
#define PACKAGE_STRING "libsmf 1.3"
#define PACKAGE_BUGREPORT "trasz@FreeBSD.org"
#define PACKAGE_URL ""
#define PACKAGE "libsmf"
#define VERSION "1.3"
#define STDC_HEADERS 1
#define HAVE_SYS_TYPES_H 1
#define HAVE_SYS_STAT_H 1
#define HAVE_STDLIB_H 1
#define HAVE_STRING_H 1
#define HAVE_MEMORY_H 1
#define HAVE_STRINGS_H 1
#define HAVE_INTTYPES_H 1
#define HAVE_STDINT_H 1
#define HAVE_UNISTD_H 1
#define HAVE_DLFCN_H 1
#define LT_OBJDIR ".libs/"
#define HAVE_LIBM 1
#define HAVE_LIBREADLINE 1
#define STDC_HEADERS 1
#define HAVE_ARPA_INET_H 1
#define HAVE_STDINT_H 1
#define HAVE_STDLIB_H 1
#define HAVE_STRING_H 1
#define HAVE_STDLIB_H 1
#define HAVE_MALLOC 1
#define HAVE_STDLIB_H 1
#define HAVE_REALLOC 1
#define HAVE_MEMSET 1
#define HAVE_POW 1
#define HAVE_STRDUP 1
#define HAVE_STRERROR 1
#define HAVE_STRTOL 1
#define HAVE_STRCHR 1

configure: exit 0
